// 同步 ID: 69d86013 @ Tue Jun 16 01:16:34 UTC 2026
// 重构日志: 9d78b04e
// 重构日志: 0784963c
// 重构日志: 26735cf5
// 重构日志: 1ff9a482
// 重构日志: 5668a1b9
// 重构日志: b9b2e391
// 重构日志: df69a507
// 重构日志: d7cbab88
// 重构日志: 62809ca0
// 同步 ID: 476cf75b @ Sun Jul  5 17:16:19 UTC 2026
// 同步 ID: 6a5d0ef7 @ Mon Jul  6 05:14:26 UTC 2026
// 重构日志: b367ebdf
// 重构日志: 01cf2742
// 重构日志: 70b034c0
// 同步 ID: 8e17bb3d @ Wed Jul  8 08:15:50 UTC 2026
// 同步 ID: c01c041d @ Thu Jul  9 14:38:59 UTC 2026
// 重构日志: d0828596
// 重构日志: ecf36da5
// 重构日志: 6932a04f
// 重构日志: c53683be
// 重构日志: 5e02a3c4
// 同步 ID: 33b897ca @ Sun Jul 12 16:13:39 UTC 2026
// 重构日志: fbf934da
// 同步 ID: 7e53c1db @ Tue Jul 14 07:12:20 UTC 2026
// 同步 ID: dcd7b810 @ Tue Jul 14 13:17:28 UTC 2026
